[2016-04-25 17:34:58] local.ERROR: exception 'PDOException' with message 'SQLSTATE[HY000] [1045] Access denied for user 'munDocente'@'localhost' (using password: YES)' in C:\xampp\htdocs\Mundocente-master\proy_mundocente\vendor\laravel\framework\src\Illuminate\Database\Connectors\Connector.php:55
Stack trace:
#0 C:\xampp\htdocs\Mundocente-master\proy_mundocente\vendor\laravel\framework\src\Illuminate\Database\Connectors\Connector.php(55): PDO->__construct('mysql:host=loca...', 'munDocente', 'munDocente', Array)
#1 C:\xampp\htdocs\Mundocente-master\proy_mundocente\vendor\laravel\framework\src\Illuminate\Database\Connectors\MySqlConnector.php(24): Illuminate\Database\Connectors\Connector->createConnection('mysql:host=loca...', Array, Array)
#2 C:\xampp\htdocs\Mundocente-master\proy_mundocente\vendor\laravel\framework\src\Illuminate\Database\Connectors\ConnectionFactory.php(61): Illuminate\Database\Connectors\MySqlConnector->connect(Array)
#3 [internal function]: Illuminate\Database\Connectors\ConnectionFactory->Illuminate\Database\Connectors\{closure}()
#4 C:\xampp\htdocs\Mundocente-master\proy_mundocente\vendor\laravel\framework\src\Illuminate\Database\Connection.php(868): call_user_func(Object(Closure))
#5 C:\xampp\htdocs\Mundocente-master\proy_mundocente\vendor\laravel\framework\src\Illuminate\Database\Connection.php(736): Illuminate\Database\Connection->getPdo()
#6 C:\xampp\htdocs\Mundocente-master\proy_mundocente\vendor\laravel\framework\src\Illuminate\Database\Connection.php(621): Illuminate\Database\Connection->reconnectIfMissingConnection()
#7 C:\xampp\htdocs\Mundocente-master\proy_mundocente\vendor\laravel\framework\src\Illuminate\Database\Connection.php(342): Illuminate\Database\Connection->run('select count(*)...', Array, Object(Closure))
#8 C:\xampp\htdocs\Mundocente-master\proy_mundocente\vendor\laravel\framework\src\Illuminate\Database\Query\Builder.php(1515): Illuminate\Database\Connection->select('select count(*)...', Array, true)
#9 C:\xampp\htdocs\Mundocente-master\proy_mundocente\vendor\laravel\framework\src\Illuminate\Database\Query\Builder.php(1501): Illuminate\Database\Query\Builder->runSelect()
#10 C:\xampp\htdocs\Mundocente-master\proy_mundocente\vendor\laravel\framework\src\Illuminate\Database\Query\Builder.php(1575): Illuminate\Database\Query\Builder->get()
#11 C:\xampp\htdocs\Mundocente-master\proy_mundocente\vendor\laravel\framework\src\Illuminate\Database\Eloquent\Builder.php(460): Illuminate\Database\Query\Builder->getCountForPagination()
#12 [internal function]: Illuminate\Database\Eloquent\Builder->paginate(2)
#13 C:\xampp\htdocs\Mundocente-master\proy_mundocente\vendor\laravel\framework\src\Illuminate\Database\Eloquent\Model.php(3493): call_user_func_array(Array, Array)
#14 [internal function]: Illuminate\Database\Eloquent\Model->__call('paginate', Array)
#15 [internal function]: MunDocente\Publication->paginate(2)
#16 C:\xampp\htdocs\Mundocente-master\proy_mundocente\vendor\laravel\framework\src\Illuminate\Database\Eloquent\Model.php(3507): call_user_func_array(Array, Array)
#17 C:\xampp\htdocs\Mundocente-master\proy_mundocente\app\Http\Controllers\IndexController.php(17): Illuminate\Database\Eloquent\Model::__callStatic('paginate', Array)
#18 C:\xampp\htdocs\Mundocente-master\proy_mundocente\app\Http\Controllers\IndexController.php(17): MunDocente\Publication::paginate(2)
#19 [internal function]: MunDocente\Http\Controllers\IndexController->index()
#20 C:\xampp\htdocs\Mundocente-master\proy_mundocente\vendor\laravel\framework\src\Illuminate\Routing\Controller.php(80): call_user_func_array(Array, Array)
#21 C:\xampp\htdocs\Mundocente-master\proy_mundocente\vendor\laravel\framework\src\Illuminate\Routing\ControllerDispatcher.php(146): Illuminate\Routing\Controller->callAction('index', Array)
#22 C:\xampp\htdocs\Mundocente-master\proy_mundocente\vendor\laravel\framework\src\Illuminate\Routing\ControllerDispatcher.php(94): Illuminate\Routing\ControllerDispatcher->call(Object(MunDocente\Http\Controllers\IndexController), Object(Illuminate\Routing\Route), 'index')
#23 [internal function]: Illuminate\Routing\ControllerDispatcher->Illuminate\Routing\{closure}(Object(Illuminate\Http\Request))
#24 C:\xampp\htdocs\Mundocente-master\proy_mundocente\vendor\laravel\framework\src\Illuminate\Routing\Pipeline.php(52): call_user_func(Object(Closure), Object(Illuminate\Http\Request))
#25 [internal function]: Illuminate\Routing\Pipeline->Illuminate\Routing\{closure}(Object(Illuminate\Http\Request))
#26 C:\xampp\htdocs\Mundocente-master\proy_mundocente\vendor\laravel\framework\src\Illuminate\Pipeline\Pipeline.php(103): call_user_func(Object(Closure), Object(Illuminate\Http\Request))
#27 C:\xampp\htdocs\Mundocente-master\proy_mundocente\vendor\laravel\framework\src\Illuminate\Routing\ControllerDispatcher.php(96): Illuminate\Pipeline\Pipeline->then(Object(Closure))
#28 C:\xampp\htdocs\Mundocente-master\proy_mundocente\vendor\laravel\framework\src\Illuminate\Routing\ControllerDispatcher.php(54): Illuminate\Routing\ControllerDispatcher->callWithinStack(Object(MunDocente\Http\Controllers\IndexController), Object(Illuminate\Routing\Route), Object(Illuminate\Http\Request), 'index')
#29 C:\xampp\htdocs\Mundocente-master\proy_mundocente\vendor\laravel\framework\src\Illuminate\Routing\Route.php(174): Illuminate\Routing\ControllerDispatcher->dispatch(Object(Illuminate\Routing\Route), Object(Illuminate\Http\Request), 'MunDocente\\Http...', 'index')
#30 C:\xampp\htdocs\Mundocente-master\proy_mundocente\vendor\laravel\framework\src\Illuminate\Routing\Route.php(140): Illuminate\Routing\Route->runController(Object(Illuminate\Http\Request))
#31 C:\xampp\htdocs\Mundocente-master\proy_mundocente\vendor\laravel\framework\src\Illuminate\Routing\Router.php(724): Illuminate\Routing\Route->run(Object(Illuminate\Http\Request))
#32 [internal function]: Illuminate\Routing\Router->Illuminate\Routing\{closure}(Object(Illuminate\Http\Request))
#33 C:\xampp\htdocs\Mundocente-master\proy_mundocente\vendor\laravel\framework\src\Illuminate\Routing\Pipeline.php(52): call_user_func(Object(Closure), Object(Illuminate\Http\Request))
#34 C:\xampp\htdocs\Mundocente-master\proy_mundocente\vendor\laravel\framework\src\Illuminate\Foundation\Http\Middleware\VerifyCsrfToken.php(64): Illuminate\Routing\Pipeline->Illuminate\Routing\{closure}(Object(Illuminate\Http\Request))
#35 [internal function]: Illuminate\Foundation\Http\Middleware\VerifyCsrfToken->handle(Object(Illuminate\Http\Request), Object(Closure))
#36 C:\xampp\htdocs\Mundocente-master\proy_mundocente\vendor\laravel\framework\src\Illuminate\Pipeline\Pipeline.php(136): call_user_func_array(Array, Array)
#37 [internal function]: Illuminate\Pipeline\Pipeline->Illuminate\Pipeline\{closure}(Object(Illuminate\Http\Request))
#38 C:\xampp\htdocs\Mundocente-master\proy_mundocente\vendor\laravel\framework\src\Illuminate\Routing\Pipeline.php(32): call_user_func(Object(Closure), Object(Illuminate\Http\Request))
#39 C:\xampp\htdocs\Mundocente-master\proy_mundocente\vendor\laravel\framework\src\Illuminate\View\Middleware\ShareErrorsFromSession.php(49): Illuminate\Routing\Pipeline->Illuminate\Routing\{closure}(Object(Illuminate\Http\Request))
#40 [internal function]: Illuminate\View\Middleware\ShareErrorsFromSession->handle(Object(Illuminate\Http\Request), Object(Closure))
#41 C:\xampp\htdocs\Mundocente-master\proy_mundocente\vendor\laravel\framework\src\Illuminate\Pipeline\Pipeline.php(136): call_user_func_array(Array, Array)
#42 [internal function]: Illuminate\Pipeline\Pipeline->Illuminate\Pipeline\{closure}(Object(Illuminate\Http\Request))
#43 C:\xampp\htdocs\Mundocente-master\proy_mundocente\vendor\laravel\framework\src\Illuminate\Routing\Pipeline.php(32): call_user_func(Object(Closure), Object(Illuminate\Http\Request))
#44 C:\xampp\htdocs\Mundocente-master\proy_mundocente\vendor\laravel\framework\src\Illuminate\Session\Middleware\StartSession.php(62): Illuminate\Routing\Pipeline->Illuminate\Routing\{closure}(Object(Illuminate\Http\Request))
#45 [internal function]: Illuminate\Session\Middleware\StartSession->handle(Object(Illuminate\Http\Request), Object(Closure))
#46 C:\xampp\htdocs\Mundocente-master\proy_mundocente\vendor\laravel\framework\src\Illuminate\Pipeline\Pipeline.php(136): call_user_func_array(Array, Array)
#47 [internal function]: Illuminate\Pipeline\Pipeline->Illuminate\Pipeline\{closure}(Object(Illuminate\Http\Request))
#48 C:\xampp\htdocs\Mundocente-master\proy_mundocente\vendor\laravel\framework\src\Illuminate\Routing\Pipeline.php(32): call_user_func(Object(Closure), Object(Illuminate\Http\Request))
#49 C:\xampp\htdocs\Mundocente-master\proy_mundocente\vendor\laravel\framework\src\Illuminate\Cookie\Middleware\AddQueuedCookiesToResponse.php(37): Illuminate\Routing\Pipeline->Illuminate\Routing\{closure}(Object(Illuminate\Http\Request))
#50 [internal function]: Illuminate\Cookie\Middleware\AddQueuedCookiesToResponse->handle(Object(Illuminate\Http\Request), Object(Closure))
#51 C:\xampp\htdocs\Mundocente-master\proy_mundocente\vendor\laravel\framework\src\Illuminate\Pipeline\Pipeline.php(136): call_user_func_array(Array, Array)
#52 [internal function]: Illuminate\Pipeline\Pipeline->Illuminate\Pipeline\{closure}(Object(Illuminate\Http\Request))
#53 C:\xampp\htdocs\Mundocente-master\proy_mundocente\vendor\laravel\framework\src\Illuminate\Routing\Pipeline.php(32): call_user_func(Object(Closure), Object(Illuminate\Http\Request))
#54 C:\xampp\htdocs\Mundocente-master\proy_mundocente\vendor\laravel\framework\src\Illuminate\Cookie\Middleware\EncryptCookies.php(59): Illuminate\Routing\Pipeline->Illuminate\Routing\{closure}(Object(Illuminate\Http\Request))
#55 [internal function]: Illuminate\Cookie\Middleware\EncryptCookies->handle(Object(Illuminate\Http\Request), Object(Closure))
#56 C:\xampp\htdocs\Mundocente-master\proy_mundocente\vendor\laravel\framework\src\Illuminate\Pipeline\Pipeline.php(136): call_user_func_array(Array, Array)
#57 [internal function]: Illuminate\Pipeline\Pipeline->Illuminate\Pipeline\{closure}(Object(Illuminate\Http\Request))
#58 C:\xampp\htdocs\Mundocente-master\proy_mundocente\vendor\laravel\framework\src\Illuminate\Routing\Pipeline.php(32): call_user_func(Object(Closure), Object(Illuminate\Http\Request))
#59 [internal function]: Illuminate\Routing\Pipeline->Illuminate\Routing\{closure}(Object(Illuminate\Http\Request))
#60 C:\xampp\htdocs\Mundocente-master\proy_mundocente\vendor\laravel\framework\src\Illuminate\Pipeline\Pipeline.php(103): call_user_func(Object(Closure), Object(Illuminate\Http\Request))
#61 C:\xampp\htdocs\Mundocente-master\proy_mundocente\vendor\laravel\framework\src\Illuminate\Routing\Router.php(726): Illuminate\Pipeline\Pipeline->then(Object(Closure))
#62 C:\xampp\htdocs\Mundocente-master\proy_mundocente\vendor\laravel\framework\src\Illuminate\Routing\Router.php(699): Illuminate\Routing\Router->runRouteWithinStack(Object(Illuminate\Routing\Route), Object(Illuminate\Http\Request))
#63 C:\xampp\htdocs\Mundocente-master\proy_mundocente\vendor\laravel\framework\src\Illuminate\Routing\Router.php(675): Illuminate\Routing\Router->dispatchToRoute(Object(Illuminate\Http\Request))
#64 C:\xampp\htdocs\Mundocente-master\proy_mundocente\vendor\laravel\framework\src\Illuminate\Foundation\Http\Kernel.php(246): Illuminate\Routing\Router->dispatch(Object(Illuminate\Http\Request))
#65 [internal function]: Illuminate\Foundation\Http\Kernel->Illuminate\Foundation\Http\{closure}(Object(Illuminate\Http\Request))
#66 C:\xampp\htdocs\Mundocente-master\proy_mundocente\vendor\laravel\framework\src\Illuminate\Routing\Pipeline.php(52): call_user_func(Object(Closure), Object(Illuminate\Http\Request))
#67 C:\xampp\htdocs\Mundocente-master\proy_mundocente\vendor\laravel\framework\src\Illuminate\Foundation\Http\Middleware\CheckForMaintenanceMode.php(44): Illuminate\Routing\Pipeline->Illuminate\Routing\{closure}(Object(Illuminate\Http\Request))
#68 [internal function]: Illuminate\Foundation\Http\Middleware\CheckForMaintenanceMode->handle(Object(Illuminate\Http\Request), Object(Closure))
#69 C:\xampp\htdocs\Mundocente-master\proy_mundocente\vendor\laravel\framework\src\Illuminate\Pipeline\Pipeline.php(136): call_user_func_array(Array, Array)
#70 [internal function]: Illuminate\Pipeline\Pipeline->Illuminate\Pipeline\{closure}(Object(Illuminate\Http\Request))
#71 C:\xampp\htdocs\Mundocente-master\proy_mundocente\vendor\laravel\framework\src\Illuminate\Routing\Pipeline.php(32): call_user_func(Object(Closure), Object(Illuminate\Http\Request))
#72 [internal function]: Illuminate\Routing\Pipeline->Illuminate\Routing\{closure}(Object(Illuminate\Http\Request))
#73 C:\xampp\htdocs\Mundocente-master\proy_mundocente\vendor\laravel\framework\src\Illuminate\Pipeline\Pipeline.php(103): call_user_func(Object(Closure), Object(Illuminate\Http\Request))
#74 C:\xampp\htdocs\Mundocente-master\proy_mundocente\vendor\laravel\framework\src\Illuminate\Foundation\Http\Kernel.php(132): Illuminate\Pipeline\Pipeline->then(Object(Closure))
#75 C:\xampp\htdocs\Mundocente-master\proy_mundocente\vendor\laravel\framework\src\Illuminate\Foundation\Http\Kernel.php(99): Illuminate\Foundation\Http\Kernel->sendRequestThroughRouter(Object(Illuminate\Http\Request))
#76 C:\xampp\htdocs\Mundocente-master\proy_mundocente\public\index.php(54): Illuminate\Foundation\Http\Kernel->handle(Object(Illuminate\Http\Request))
#77 {main}  
[2016-04-25 22:05:14] local.ERROR: exception 'Symfony\Component\Console\Exception\CommandNotFoundException' with message 'Command "server" is not defined.

Did you mean this?
    serve' in C:\xampp\htdocs\Mundocente-master\proy_mundocente\vendor\symfony\console\Application.php:512
Stack trace:
#0 C:\xampp\htdocs\Mundocente-master\proy_mundocente\vendor\symfony\console\Application.php(183): Symfony\Component\Console\Application->find('server')
#1 C:\xampp\htdocs\Mundocente-master\proy_mundocente\vendor\symfony\console\Application.php(117): Symfony\Component\Console\Application->doRun(Object(Symfony\Component\Console\Input\ArgvInput), Object(Symfony\Component\Console\Output\ConsoleOutput))
#2 C:\xampp\htdocs\Mundocente-master\proy_mundocente\vendor\laravel\framework\src\Illuminate\Foundation\Console\Kernel.php(107): Symfony\Component\Console\Application->run(Object(Symfony\Component\Console\Input\ArgvInput), Object(Symfony\Component\Console\Output\ConsoleOutput))
#3 C:\xampp\htdocs\Mundocente-master\proy_mundocente\artisan(36): Illuminate\Foundation\Console\Kernel->handle(Object(Symfony\Component\Console\Input\ArgvInput), Object(Symfony\Component\Console\Output\ConsoleOutput))
#4 {main}  
[2016-04-25 22:05:54] local.ERROR: exception 'PDOException' with message 'SQLSTATE[HY000] [1045] Access denied for user 'munDocente'@'localhost' (using password: YES)' in C:\xampp\htdocs\Mundocente-master\proy_mundocente\vendor\laravel\framework\src\Illuminate\Database\Connectors\Connector.php:55
Stack trace:
#0 C:\xampp\htdocs\Mundocente-master\proy_mundocente\vendor\laravel\framework\src\Illuminate\Database\Connectors\Connector.php(55): PDO->__construct('mysql:host=loca...', 'munDocente', 'munDocente', Array)
#1 C:\xampp\htdocs\Mundocente-master\proy_mundocente\vendor\laravel\framework\src\Illuminate\Database\Connectors\MySqlConnector.php(24): Illuminate\Database\Connectors\Connector->createConnection('mysql:host=loca...', Array, Array)
#2 C:\xampp\htdocs\Mundocente-master\proy_mundocente\vendor\laravel\framework\src\Illuminate\Database\Connectors\ConnectionFactory.php(61): Illuminate\Database\Connectors\MySqlConnector->connect(Array)
#3 [internal function]: Illuminate\Database\Connectors\ConnectionFactory->Illuminate\Database\Connectors\{closure}()
#4 C:\xampp\htdocs\Mundocente-master\proy_mundocente\vendor\laravel\framework\src\Illuminate\Database\Connection.php(868): call_user_func(Object(Closure))
#5 C:\xampp\htdocs\Mundocente-master\proy_mundocente\vendor\laravel\framework\src\Illuminate\Database\Connection.php(736): Illuminate\Database\Connection->getPdo()
#6 C:\xampp\htdocs\Mundocente-master\proy_mundocente\vendor\laravel\framework\src\Illuminate\Database\Connection.php(621): Illuminate\Database\Connection->reconnectIfMissingConnection()
#7 C:\xampp\htdocs\Mundocente-master\proy_mundocente\vendor\laravel\framework\src\Illuminate\Database\Connection.php(342): Illuminate\Database\Connection->run('select count(*)...', Array, Object(Closure))
#8 C:\xampp\htdocs\Mundocente-master\proy_mundocente\vendor\laravel\framework\src\Illuminate\Database\Query\Builder.php(1515): Illuminate\Database\Connection->select('select count(*)...', Array, true)
#9 C:\xampp\htdocs\Mundocente-master\proy_mundocente\vendor\laravel\framework\src\Illuminate\Database\Query\Builder.php(1501): Illuminate\Database\Query\Builder->runSelect()
#10 C:\xampp\htdocs\Mundocente-master\proy_mundocente\vendor\laravel\framework\src\Illuminate\Database\Query\Builder.php(1575): Illuminate\Database\Query\Builder->get()
#11 C:\xampp\htdocs\Mundocente-master\proy_mundocente\vendor\laravel\framework\src\Illuminate\Database\Eloquent\Builder.php(460): Illuminate\Database\Query\Builder->getCountForPagination()
#12 [internal function]: Illuminate\Database\Eloquent\Builder->paginate(2)
#13 C:\xampp\htdocs\Mundocente-master\proy_mundocente\vendor\laravel\framework\src\Illuminate\Database\Eloquent\Model.php(3493): call_user_func_array(Array, Array)
#14 [internal function]: Illuminate\Database\Eloquent\Model->__call('paginate', Array)
#15 [internal function]: MunDocente\Publication->paginate(2)
#16 C:\xampp\htdocs\Mundocente-master\proy_mundocente\vendor\laravel\framework\src\Illuminate\Database\Eloquent\Model.php(3507): call_user_func_array(Array, Array)
#17 C:\xampp\htdocs\Mundocente-master\proy_mundocente\app\Http\Controllers\IndexController.php(17): Illuminate\Database\Eloquent\Model::__callStatic('paginate', Array)
#18 C:\xampp\htdocs\Mundocente-master\proy_mundocente\app\Http\Controllers\IndexController.php(17): MunDocente\Publication::paginate(2)
#19 [internal function]: MunDocente\Http\Controllers\IndexController->index()
#20 C:\xampp\htdocs\Mundocente-master\proy_mundocente\vendor\laravel\framework\src\Illuminate\Routing\Controller.php(80): call_user_func_array(Array, Array)
#21 C:\xampp\htdocs\Mundocente-master\proy_mundocente\vendor\laravel\framework\src\Illuminate\Routing\ControllerDispatcher.php(146): Illuminate\Routing\Controller->callAction('index', Array)
#22 C:\xampp\htdocs\Mundocente-master\proy_mundocente\vendor\laravel\framework\src\Illuminate\Routing\ControllerDispatcher.php(94): Illuminate\Routing\ControllerDispatcher->call(Object(MunDocente\Http\Controllers\IndexController), Object(Illuminate\Routing\Route), 'index')
#23 [internal function]: Illuminate\Routing\ControllerDispatcher->Illuminate\Routing\{closure}(Object(Illuminate\Http\Request))
#24 C:\xampp\htdocs\Mundocente-master\proy_mundocente\vendor\laravel\framework\src\Illuminate\Routing\Pipeline.php(52): call_user_func(Object(Closure), Object(Illuminate\Http\Request))
#25 [internal function]: Illuminate\Routing\Pipeline->Illuminate\Routing\{closure}(Object(Illuminate\Http\Request))
#26 C:\xampp\htdocs\Mundocente-master\proy_mundocente\vendor\laravel\framework\src\Illuminate\Pipeline\Pipeline.php(103): call_user_func(Object(Closure), Object(Illuminate\Http\Request))
#27 C:\xampp\htdocs\Mundocente-master\proy_mundocente\vendor\laravel\framework\src\Illuminate\Routing\ControllerDispatcher.php(96): Illuminate\Pipeline\Pipeline->then(Object(Closure))
#28 C:\xampp\htdocs\Mundocente-master\proy_mundocente\vendor\laravel\framework\src\Illuminate\Routing\ControllerDispatcher.php(54): Illuminate\Routing\ControllerDispatcher->callWithinStack(Object(MunDocente\Http\Controllers\IndexController), Object(Illuminate\Routing\Route), Object(Illuminate\Http\Request), 'index')
#29 C:\xampp\htdocs\Mundocente-master\proy_mundocente\vendor\laravel\framework\src\Illuminate\Routing\Route.php(174): Illuminate\Routing\ControllerDispatcher->dispatch(Object(Illuminate\Routing\Route), Object(Illuminate\Http\Request), 'MunDocente\\Http...', 'index')
#30 C:\xampp\htdocs\Mundocente-master\proy_mundocente\vendor\laravel\framework\src\Illuminate\Routing\Route.php(140): Illuminate\Routing\Route->runController(Object(Illuminate\Http\Request))
#31 C:\xampp\htdocs\Mundocente-master\proy_mundocente\vendor\laravel\framework\src\Illuminate\Routing\Router.php(724): Illuminate\Routing\Route->run(Object(Illuminate\Http\Request))
#32 [internal function]: Illuminate\Routing\Router->Illuminate\Routing\{closure}(Object(Illuminate\Http\Request))
#33 C:\xampp\htdocs\Mundocente-master\proy_mundocente\vendor\laravel\framework\src\Illuminate\Routing\Pipeline.php(52): call_user_func(Object(Closure), Object(Illuminate\Http\Request))
#34 C:\xampp\htdocs\Mundocente-master\proy_mundocente\vendor\laravel\framework\src\Illuminate\Foundation\Http\Middleware\VerifyCsrfToken.php(64): Illuminate\Routing\Pipeline->Illuminate\Routing\{closure}(Object(Illuminate\Http\Request))
#35 [internal function]: Illuminate\Foundation\Http\Middleware\VerifyCsrfToken->handle(Object(Illuminate\Http\Request), Object(Closure))
#36 C:\xampp\htdocs\Mundocente-master\proy_mundocente\vendor\laravel\framework\src\Illuminate\Pipeline\Pipeline.php(136): call_user_func_array(Array, Array)
#37 [internal function]: Illuminate\Pipeline\Pipeline->Illuminate\Pipeline\{closure}(Object(Illuminate\Http\Request))
#38 C:\xampp\htdocs\Mundocente-master\proy_mundocente\vendor\laravel\framework\src\Illuminate\Routing\Pipeline.php(32): call_user_func(Object(Closure), Object(Illuminate\Http\Request))
#39 C:\xampp\htdocs\Mundocente-master\proy_mundocente\vendor\laravel\framework\src\Illuminate\View\Middleware\ShareErrorsFromSession.php(49): Illuminate\Routing\Pipeline->Illuminate\Routing\{closure}(Object(Illuminate\Http\Request))
#40 [internal function]: Illuminate\View\Middleware\ShareErrorsFromSession->handle(Object(Illuminate\Http\Request), Object(Closure))
#41 C:\xampp\htdocs\Mundocente-master\proy_mundocente\vendor\laravel\framework\src\Illuminate\Pipeline\Pipeline.php(136): call_user_func_array(Array, Array)
#42 [internal function]: Illuminate\Pipeline\Pipeline->Illuminate\Pipeline\{closure}(Object(Illuminate\Http\Request))
#43 C:\xampp\htdocs\Mundocente-master\proy_mundocente\vendor\laravel\framework\src\Illuminate\Routing\Pipeline.php(32): call_user_func(Object(Closure), Object(Illuminate\Http\Request))
#44 C:\xampp\htdocs\Mundocente-master\proy_mundocente\vendor\laravel\framework\src\Illuminate\Session\Middleware\StartSession.php(62): Illuminate\Routing\Pipeline->Illuminate\Routing\{closure}(Object(Illuminate\Http\Request))
#45 [internal function]: Illuminate\Session\Middleware\StartSession->handle(Object(Illuminate\Http\Request), Object(Closure))
#46 C:\xampp\htdocs\Mundocente-master\proy_mundocente\vendor\laravel\framework\src\Illuminate\Pipeline\Pipeline.php(136): call_user_func_array(Array, Array)
#47 [internal function]: Illuminate\Pipeline\Pipeline->Illuminate\Pipeline\{closure}(Object(Illuminate\Http\Request))
#48 C:\xampp\htdocs\Mundocente-master\proy_mundocente\vendor\laravel\framework\src\Illuminate\Routing\Pipeline.php(32): call_user_func(Object(Closure), Object(Illuminate\Http\Request))
#49 C:\xampp\htdocs\Mundocente-master\proy_mundocente\vendor\laravel\framework\src\Illuminate\Cookie\Middleware\AddQueuedCookiesToResponse.php(37): Illuminate\Routing\Pipeline->Illuminate\Routing\{closure}(Object(Illuminate\Http\Request))
#50 [internal function]: Illuminate\Cookie\Middleware\AddQueuedCookiesToResponse->handle(Object(Illuminate\Http\Request), Object(Closure))
#51 C:\xampp\htdocs\Mundocente-master\proy_mundocente\vendor\laravel\framework\src\Illuminate\Pipeline\Pipeline.php(136): call_user_func_array(Array, Array)
#52 [internal function]: Illuminate\Pipeline\Pipeline->Illuminate\Pipeline\{closure}(Object(Illuminate\Http\Request))
#53 C:\xampp\htdocs\Mundocente-master\proy_mundocente\vendor\laravel\framework\src\Illuminate\Routing\Pipeline.php(32): call_user_func(Object(Closure), Object(Illuminate\Http\Request))
#54 C:\xampp\htdocs\Mundocente-master\proy_mundocente\vendor\laravel\framework\src\Illuminate\Cookie\Middleware\EncryptCookies.php(59): Illuminate\Routing\Pipeline->Illuminate\Routing\{closure}(Object(Illuminate\Http\Request))
#55 [internal function]: Illuminate\Cookie\Middleware\EncryptCookies->handle(Object(Illuminate\Http\Request), Object(Closure))
#56 C:\xampp\htdocs\Mundocente-master\proy_mundocente\vendor\laravel\framework\src\Illuminate\Pipeline\Pipeline.php(136): call_user_func_array(Array, Array)
#57 [internal function]: Illuminate\Pipeline\Pipeline->Illuminate\Pipeline\{closure}(Object(Illuminate\Http\Request))
#58 C:\xampp\htdocs\Mundocente-master\proy_mundocente\vendor\laravel\framework\src\Illuminate\Routing\Pipeline.php(32): call_user_func(Object(Closure), Object(Illuminate\Http\Request))
#59 [internal function]: Illuminate\Routing\Pipeline->Illuminate\Routing\{closure}(Object(Illuminate\Http\Request))
#60 C:\xampp\htdocs\Mundocente-master\proy_mundocente\vendor\laravel\framework\src\Illuminate\Pipeline\Pipeline.php(103): call_user_func(Object(Closure), Object(Illuminate\Http\Request))
#61 C:\xampp\htdocs\Mundocente-master\proy_mundocente\vendor\laravel\framework\src\Illuminate\Routing\Router.php(726): Illuminate\Pipeline\Pipeline->then(Object(Closure))
#62 C:\xampp\htdocs\Mundocente-master\proy_mundocente\vendor\laravel\framework\src\Illuminate\Routing\Router.php(699): Illuminate\Routing\Router->runRouteWithinStack(Object(Illuminate\Routing\Route), Object(Illuminate\Http\Request))
#63 C:\xampp\htdocs\Mundocente-master\proy_mundocente\vendor\laravel\framework\src\Illuminate\Routing\Router.php(675): Illuminate\Routing\Router->dispatchToRoute(Object(Illuminate\Http\Request))
#64 C:\xampp\htdocs\Mundocente-master\proy_mundocente\vendor\laravel\framework\src\Illuminate\Foundation\Http\Kernel.php(246): Illuminate\Routing\Router->dispatch(Object(Illuminate\Http\Request))
#65 [internal function]: Illuminate\Foundation\Http\Kernel->Illuminate\Foundation\Http\{closure}(Object(Illuminate\Http\Request))
#66 C:\xampp\htdocs\Mundocente-master\proy_mundocente\vendor\laravel\framework\src\Illuminate\Routing\Pipeline.php(52): call_user_func(Object(Closure), Object(Illuminate\Http\Request))
#67 C:\xampp\htdocs\Mundocente-master\proy_mundocente\vendor\laravel\framework\src\Illuminate\Foundation\Http\Middleware\CheckForMaintenanceMode.php(44): Illuminate\Routing\Pipeline->Illuminate\Routing\{closure}(Object(Illuminate\Http\Request))
#68 [internal function]: Illuminate\Foundation\Http\Middleware\CheckForMaintenanceMode->handle(Object(Illuminate\Http\Request), Object(Closure))
#69 C:\xampp\htdocs\Mundocente-master\proy_mundocente\vendor\laravel\framework\src\Illuminate\Pipeline\Pipeline.php(136): call_user_func_array(Array, Array)
#70 [internal function]: Illuminate\Pipeline\Pipeline->Illuminate\Pipeline\{closure}(Object(Illuminate\Http\Request))
#71 C:\xampp\htdocs\Mundocente-master\proy_mundocente\vendor\laravel\framework\src\Illuminate\Routing\Pipeline.php(32): call_user_func(Object(Closure), Object(Illuminate\Http\Request))
#72 [internal function]: Illuminate\Routing\Pipeline->Illuminate\Routing\{closure}(Object(Illuminate\Http\Request))
#73 C:\xampp\htdocs\Mundocente-master\proy_mundocente\vendor\laravel\framework\src\Illuminate\Pipeline\Pipeline.php(103): call_user_func(Object(Closure), Object(Illuminate\Http\Request))
#74 C:\xampp\htdocs\Mundocente-master\proy_mundocente\vendor\laravel\framework\src\Illuminate\Foundation\Http\Kernel.php(132): Illuminate\Pipeline\Pipeline->then(Object(Closure))
#75 C:\xampp\htdocs\Mundocente-master\proy_mundocente\vendor\laravel\framework\src\Illuminate\Foundation\Http\Kernel.php(99): Illuminate\Foundation\Http\Kernel->sendRequestThroughRouter(Object(Illuminate\Http\Request))
#76 C:\xampp\htdocs\Mundocente-master\proy_mundocente\public\index.php(54): Illuminate\Foundation\Http\Kernel->handle(Object(Illuminate\Http\Request))
#77 C:\xampp\htdocs\Mundocente-master\proy_mundocente\server.php(21): require_once('C:\\xampp\\htdocs...')
#78 {main}  
[2016-04-25 22:06:18] local.ERROR: exception 'PDOException' with message 'SQLSTATE[HY000] [1045] Access denied for user 'munDocente'@'localhost' (using password: YES)' in C:\xampp\htdocs\Mundocente-master\proy_mundocente\vendor\laravel\framework\src\Illuminate\Database\Connectors\Connector.php:55
Stack trace:
#0 C:\xampp\htdocs\Mundocente-master\proy_mundocente\vendor\laravel\framework\src\Illuminate\Database\Connectors\Connector.php(55): PDO->__construct('mysql:host=loca...', 'munDocente', 'munDocente', Array)
#1 C:\xampp\htdocs\Mundocente-master\proy_mundocente\vendor\laravel\framework\src\Illuminate\Database\Connectors\MySqlConnector.php(24): Illuminate\Database\Connectors\Connector->createConnection('mysql:host=loca...', Array, Array)
#2 C:\xampp\htdocs\Mundocente-master\proy_mundocente\vendor\laravel\framework\src\Illuminate\Database\Connectors\ConnectionFactory.php(61): Illuminate\Database\Connectors\MySqlConnector->connect(Array)
#3 [internal function]: Illuminate\Database\Connectors\ConnectionFactory->Illuminate\Database\Connectors\{closure}()
#4 C:\xampp\htdocs\Mundocente-master\proy_mundocente\vendor\laravel\framework\src\Illuminate\Database\Connection.php(868): call_user_func(Object(Closure))
#5 C:\xampp\htdocs\Mundocente-master\proy_mundocente\vendor\laravel\framework\src\Illuminate\Database\Connection.php(736): Illuminate\Database\Connection->getPdo()
#6 C:\xampp\htdocs\Mundocente-master\proy_mundocente\vendor\laravel\framework\src\Illuminate\Database\Connection.php(621): Illuminate\Database\Connection->reconnectIfMissingConnection()
#7 C:\xampp\htdocs\Mundocente-master\proy_mundocente\vendor\laravel\framework\src\Illuminate\Database\Connection.php(342): Illuminate\Database\Connection->run('select count(*)...', Array, Object(Closure))
#8 C:\xampp\htdocs\Mundocente-master\proy_mundocente\vendor\laravel\framework\src\Illuminate\Database\Query\Builder.php(1515): Illuminate\Database\Connection->select('select count(*)...', Array, true)
#9 C:\xampp\htdocs\Mundocente-master\proy_mundocente\vendor\laravel\framework\src\Illuminate\Database\Query\Builder.php(1501): Illuminate\Database\Query\Builder->runSelect()
#10 C:\xampp\htdocs\Mundocente-master\proy_mundocente\vendor\laravel\framework\src\Illuminate\Database\Query\Builder.php(1575): Illuminate\Database\Query\Builder->get()
#11 C:\xampp\htdocs\Mundocente-master\proy_mundocente\vendor\laravel\framework\src\Illuminate\Database\Eloquent\Builder.php(460): Illuminate\Database\Query\Builder->getCountForPagination()
#12 [internal function]: Illuminate\Database\Eloquent\Builder->paginate(2)
#13 C:\xampp\htdocs\Mundocente-master\proy_mundocente\vendor\laravel\framework\src\Illuminate\Database\Eloquent\Model.php(3493): call_user_func_array(Array, Array)
#14 [internal function]: Illuminate\Database\Eloquent\Model->__call('paginate', Array)
#15 [internal function]: MunDocente\Publication->paginate(2)
#16 C:\xampp\htdocs\Mundocente-master\proy_mundocente\vendor\laravel\framework\src\Illuminate\Database\Eloquent\Model.php(3507): call_user_func_array(Array, Array)
#17 C:\xampp\htdocs\Mundocente-master\proy_mundocente\app\Http\Controllers\IndexController.php(17): Illuminate\Database\Eloquent\Model::__callStatic('paginate', Array)
#18 C:\xampp\htdocs\Mundocente-master\proy_mundocente\app\Http\Controllers\IndexController.php(17): MunDocente\Publication::paginate(2)
#19 [internal function]: MunDocente\Http\Controllers\IndexController->index()
#20 C:\xampp\htdocs\Mundocente-master\proy_mundocente\vendor\laravel\framework\src\Illuminate\Routing\Controller.php(80): call_user_func_array(Array, Array)
#21 C:\xampp\htdocs\Mundocente-master\proy_mundocente\vendor\laravel\framework\src\Illuminate\Routing\ControllerDispatcher.php(146): Illuminate\Routing\Controller->callAction('index', Array)
#22 C:\xampp\htdocs\Mundocente-master\proy_mundocente\vendor\laravel\framework\src\Illuminate\Routing\ControllerDispatcher.php(94): Illuminate\Routing\ControllerDispatcher->call(Object(MunDocente\Http\Controllers\IndexController), Object(Illuminate\Routing\Route), 'index')
#23 [internal function]: Illuminate\Routing\ControllerDispatcher->Illuminate\Routing\{closure}(Object(Illuminate\Http\Request))
#24 C:\xampp\htdocs\Mundocente-master\proy_mundocente\vendor\laravel\framework\src\Illuminate\Routing\Pipeline.php(52): call_user_func(Object(Closure), Object(Illuminate\Http\Request))
#25 [internal function]: Illuminate\Routing\Pipeline->Illuminate\Routing\{closure}(Object(Illuminate\Http\Request))
#26 C:\xampp\htdocs\Mundocente-master\proy_mundocente\vendor\laravel\framework\src\Illuminate\Pipeline\Pipeline.php(103): call_user_func(Object(Closure), Object(Illuminate\Http\Request))
#27 C:\xampp\htdocs\Mundocente-master\proy_mundocente\vendor\laravel\framework\src\Illuminate\Routing\ControllerDispatcher.php(96): Illuminate\Pipeline\Pipeline->then(Object(Closure))
#28 C:\xampp\htdocs\Mundocente-master\proy_mundocente\vendor\laravel\framework\src\Illuminate\Routing\ControllerDispatcher.php(54): Illuminate\Routing\ControllerDispatcher->callWithinStack(Object(MunDocente\Http\Controllers\IndexController), Object(Illuminate\Routing\Route), Object(Illuminate\Http\Request), 'index')
#29 C:\xampp\htdocs\Mundocente-master\proy_mundocente\vendor\laravel\framework\src\Illuminate\Routing\Route.php(174): Illuminate\Routing\ControllerDispatcher->dispatch(Object(Illuminate\Routing\Route), Object(Illuminate\Http\Request), 'MunDocente\\Http...', 'index')
#30 C:\xampp\htdocs\Mundocente-master\proy_mundocente\vendor\laravel\framework\src\Illuminate\Routing\Route.php(140): Illuminate\Routing\Route->runController(Object(Illuminate\Http\Request))
#31 C:\xampp\htdocs\Mundocente-master\proy_mundocente\vendor\laravel\framework\src\Illuminate\Routing\Router.php(724): Illuminate\Routing\Route->run(Object(Illuminate\Http\Request))
#32 [internal function]: Illuminate\Routing\Router->Illuminate\Routing\{closure}(Object(Illuminate\Http\Request))
#33 C:\xampp\htdocs\Mundocente-master\proy_mundocente\vendor\laravel\framework\src\Illuminate\Routing\Pipeline.php(52): call_user_func(Object(Closure), Object(Illuminate\Http\Request))
#34 C:\xampp\htdocs\Mundocente-master\proy_mundocente\vendor\laravel\framework\src\Illuminate\Foundation\Http\Middleware\VerifyCsrfToken.php(64): Illuminate\Routing\Pipeline->Illuminate\Routing\{closure}(Object(Illuminate\Http\Request))
#35 [internal function]: Illuminate\Foundation\Http\Middleware\VerifyCsrfToken->handle(Object(Illuminate\Http\Request), Object(Closure))
#36 C:\xampp\htdocs\Mundocente-master\proy_mundocente\vendor\laravel\framework\src\Illuminate\Pipeline\Pipeline.php(136): call_user_func_array(Array, Array)
#37 [internal function]: Illuminate\Pipeline\Pipeline->Illuminate\Pipeline\{closure}(Object(Illuminate\Http\Request))
#38 C:\xampp\htdocs\Mundocente-master\proy_mundocente\vendor\laravel\framework\src\Illuminate\Routing\Pipeline.php(32): call_user_func(Object(Closure), Object(Illuminate\Http\Request))
#39 C:\xampp\htdocs\Mundocente-master\proy_mundocente\vendor\laravel\framework\src\Illuminate\View\Middleware\ShareErrorsFromSession.php(49): Illuminate\Routing\Pipeline->Illuminate\Routing\{closure}(Object(Illuminate\Http\Request))
#40 [internal function]: Illuminate\View\Middleware\ShareErrorsFromSession->handle(Object(Illuminate\Http\Request), Object(Closure))
#41 C:\xampp\htdocs\Mundocente-master\proy_mundocente\vendor\laravel\framework\src\Illuminate\Pipeline\Pipeline.php(136): call_user_func_array(Array, Array)
#42 [internal function]: Illuminate\Pipeline\Pipeline->Illuminate\Pipeline\{closure}(Object(Illuminate\Http\Request))
#43 C:\xampp\htdocs\Mundocente-master\proy_mundocente\vendor\laravel\framework\src\Illuminate\Routing\Pipeline.php(32): call_user_func(Object(Closure), Object(Illuminate\Http\Request))
#44 C:\xampp\htdocs\Mundocente-master\proy_mundocente\vendor\laravel\framework\src\Illuminate\Session\Middleware\StartSession.php(62): Illuminate\Routing\Pipeline->Illuminate\Routing\{closure}(Object(Illuminate\Http\Request))
#45 [internal function]: Illuminate\Session\Middleware\StartSession->handle(Object(Illuminate\Http\Request), Object(Closure))
#46 C:\xampp\htdocs\Mundocente-master\proy_mundocente\vendor\laravel\framework\src\Illuminate\Pipeline\Pipeline.php(136): call_user_func_array(Array, Array)
#47 [internal function]: Illuminate\Pipeline\Pipeline->Illuminate\Pipeline\{closure}(Object(Illuminate\Http\Request))
#48 C:\xampp\htdocs\Mundocente-master\proy_mundocente\vendor\laravel\framework\src\Illuminate\Routing\Pipeline.php(32): call_user_func(Object(Closure), Object(Illuminate\Http\Request))
#49 C:\xampp\htdocs\Mundocente-master\proy_mundocente\vendor\laravel\framework\src\Illuminate\Cookie\Middleware\AddQueuedCookiesToResponse.php(37): Illuminate\Routing\Pipeline->Illuminate\Routing\{closure}(Object(Illuminate\Http\Request))
#50 [internal function]: Illuminate\Cookie\Middleware\AddQueuedCookiesToResponse->handle(Object(Illuminate\Http\Request), Object(Closure))
#51 C:\xampp\htdocs\Mundocente-master\proy_mundocente\vendor\laravel\framework\src\Illuminate\Pipeline\Pipeline.php(136): call_user_func_array(Array, Array)
#52 [internal function]: Illuminate\Pipeline\Pipeline->Illuminate\Pipeline\{closure}(Object(Illuminate\Http\Request))
#53 C:\xampp\htdocs\Mundocente-master\proy_mundocente\vendor\laravel\framework\src\Illuminate\Routing\Pipeline.php(32): call_user_func(Object(Closure), Object(Illuminate\Http\Request))
#54 C:\xampp\htdocs\Mundocente-master\proy_mundocente\vendor\laravel\framework\src\Illuminate\Cookie\Middleware\EncryptCookies.php(59): Illuminate\Routing\Pipeline->Illuminate\Routing\{closure}(Object(Illuminate\Http\Request))
#55 [internal function]: Illuminate\Cookie\Middleware\EncryptCookies->handle(Object(Illuminate\Http\Request), Object(Closure))
#56 C:\xampp\htdocs\Mundocente-master\proy_mundocente\vendor\laravel\framework\src\Illuminate\Pipeline\Pipeline.php(136): call_user_func_array(Array, Array)
#57 [internal function]: Illuminate\Pipeline\Pipeline->Illuminate\Pipeline\{closure}(Object(Illuminate\Http\Request))
#58 C:\xampp\htdocs\Mundocente-master\proy_mundocente\vendor\laravel\framework\src\Illuminate\Routing\Pipeline.php(32): call_user_func(Object(Closure), Object(Illuminate\Http\Request))
#59 [internal function]: Illuminate\Routing\Pipeline->Illuminate\Routing\{closure}(Object(Illuminate\Http\Request))
#60 C:\xampp\htdocs\Mundocente-master\proy_mundocente\vendor\laravel\framework\src\Illuminate\Pipeline\Pipeline.php(103): call_user_func(Object(Closure), Object(Illuminate\Http\Request))
#61 C:\xampp\htdocs\Mundocente-master\proy_mundocente\vendor\laravel\framework\src\Illuminate\Routing\Router.php(726): Illuminate\Pipeline\Pipeline->then(Object(Closure))
#62 C:\xampp\htdocs\Mundocente-master\proy_mundocente\vendor\laravel\framework\src\Illuminate\Routing\Router.php(699): Illuminate\Routing\Router->runRouteWithinStack(Object(Illuminate\Routing\Route), Object(Illuminate\Http\Request))
#63 C:\xampp\htdocs\Mundocente-master\proy_mundocente\vendor\laravel\framework\src\Illuminate\Routing\Router.php(675): Illuminate\Routing\Router->dispatchToRoute(Object(Illuminate\Http\Request))
#64 C:\xampp\htdocs\Mundocente-master\proy_mundocente\vendor\laravel\framework\src\Illuminate\Foundation\Http\Kernel.php(246): Illuminate\Routing\Router->dispatch(Object(Illuminate\Http\Request))
#65 [internal function]: Illuminate\Foundation\Http\Kernel->Illuminate\Foundation\Http\{closure}(Object(Illuminate\Http\Request))
#66 C:\xampp\htdocs\Mundocente-master\proy_mundocente\vendor\laravel\framework\src\Illuminate\Routing\Pipeline.php(52): call_user_func(Object(Closure), Object(Illuminate\Http\Request))
#67 C:\xampp\htdocs\Mundocente-master\proy_mundocente\vendor\laravel\framework\src\Illuminate\Foundation\Http\Middleware\CheckForMaintenanceMode.php(44): Illuminate\Routing\Pipeline->Illuminate\Routing\{closure}(Object(Illuminate\Http\Request))
#68 [internal function]: Illuminate\Foundation\Http\Middleware\CheckForMaintenanceMode->handle(Object(Illuminate\Http\Request), Object(Closure))
#69 C:\xampp\htdocs\Mundocente-master\proy_mundocente\vendor\laravel\framework\src\Illuminate\Pipeline\Pipeline.php(136): call_user_func_array(Array, Array)
#70 [internal function]: Illuminate\Pipeline\Pipeline->Illuminate\Pipeline\{closure}(Object(Illuminate\Http\Request))
#71 C:\xampp\htdocs\Mundocente-master\proy_mundocente\vendor\laravel\framework\src\Illuminate\Routing\Pipeline.php(32): call_user_func(Object(Closure), Object(Illuminate\Http\Request))
#72 [internal function]: Illuminate\Routing\Pipeline->Illuminate\Routing\{closure}(Object(Illuminate\Http\Request))
#73 C:\xampp\htdocs\Mundocente-master\proy_mundocente\vendor\laravel\framework\src\Illuminate\Pipeline\Pipeline.php(103): call_user_func(Object(Closure), Object(Illuminate\Http\Request))
#74 C:\xampp\htdocs\Mundocente-master\proy_mundocente\vendor\laravel\framework\src\Illuminate\Foundation\Http\Kernel.php(132): Illuminate\Pipeline\Pipeline->then(Object(Closure))
#75 C:\xampp\htdocs\Mundocente-master\proy_mundocente\vendor\laravel\framework\src\Illuminate\Foundation\Http\Kernel.php(99): Illuminate\Foundation\Http\Kernel->sendRequestThroughRouter(Object(Illuminate\Http\Request))
#76 C:\xampp\htdocs\Mundocente-master\proy_mundocente\public\index.php(54): Illuminate\Foundation\Http\Kernel->handle(Object(Illuminate\Http\Request))
#77 C:\xampp\htdocs\Mundocente-master\proy_mundocente\server.php(21): require_once('C:\\xampp\\htdocs...')
#78 {main}  
[2016-04-25 22:11:26] local.ERROR: exception 'PDOException' with message 'SQLSTATE[HY000] [1045] Access denied for user 'munDocente'@'localhost' (using password: YES)' in C:\xampp\htdocs\Mundocente-master\proy_mundocente\vendor\laravel\framework\src\Illuminate\Database\Connectors\Connector.php:55
Stack trace:
#0 C:\xampp\htdocs\Mundocente-master\proy_mundocente\vendor\laravel\framework\src\Illuminate\Database\Connectors\Connector.php(55): PDO->__construct('mysql:host=loca...', 'munDocente', 'munDocente', Array)
#1 C:\xampp\htdocs\Mundocente-master\proy_mundocente\vendor\laravel\framework\src\Illuminate\Database\Connectors\MySqlConnector.php(24): Illuminate\Database\Connectors\Connector->createConnection('mysql:host=loca...', Array, Array)
#2 C:\xampp\htdocs\Mundocente-master\proy_mundocente\vendor\laravel\framework\src\Illuminate\Database\Connectors\ConnectionFactory.php(61): Illuminate\Database\Connectors\MySqlConnector->connect(Array)
#3 [internal function]: Illuminate\Database\Connectors\ConnectionFactory->Illuminate\Database\Connectors\{closure}()
#4 C:\xampp\htdocs\Mundocente-master\proy_mundocente\vendor\laravel\framework\src\Illuminate\Database\Connection.php(868): call_user_func(Object(Closure))
#5 C:\xampp\htdocs\Mundocente-master\proy_mundocente\vendor\laravel\framework\src\Illuminate\Database\Connection.php(736): Illuminate\Database\Connection->getPdo()
#6 C:\xampp\htdocs\Mundocente-master\proy_mundocente\vendor\laravel\framework\src\Illuminate\Database\Connection.php(621): Illuminate\Database\Connection->reconnectIfMissingConnection()
#7 C:\xampp\htdocs\Mundocente-master\proy_mundocente\vendor\laravel\framework\src\Illuminate\Database\Connection.php(342): Illuminate\Database\Connection->run('select count(*)...', Array, Object(Closure))
#8 C:\xampp\htdocs\Mundocente-master\proy_mundocente\vendor\laravel\framework\src\Illuminate\Database\Query\Builder.php(1515): Illuminate\Database\Connection->select('select count(*)...', Array, true)
#9 C:\xampp\htdocs\Mundocente-master\proy_mundocente\vendor\laravel\framework\src\Illuminate\Database\Query\Builder.php(1501): Illuminate\Database\Query\Builder->runSelect()
#10 C:\xampp\htdocs\Mundocente-master\proy_mundocente\vendor\laravel\framework\src\Illuminate\Database\Query\Builder.php(1575): Illuminate\Database\Query\Builder->get()
#11 C:\xampp\htdocs\Mundocente-master\proy_mundocente\vendor\laravel\framework\src\Illuminate\Database\Eloquent\Builder.php(460): Illuminate\Database\Query\Builder->getCountForPagination()
#12 [internal function]: Illuminate\Database\Eloquent\Builder->paginate(2)
#13 C:\xampp\htdocs\Mundocente-master\proy_mundocente\vendor\laravel\framework\src\Illuminate\Database\Eloquent\Model.php(3493): call_user_func_array(Array, Array)
#14 [internal function]: Illuminate\Database\Eloquent\Model->__call('paginate', Array)
#15 [internal function]: MunDocente\Publication->paginate(2)
#16 C:\xampp\htdocs\Mundocente-master\proy_mundocente\vendor\laravel\framework\src\Illuminate\Database\Eloquent\Model.php(3507): call_user_func_array(Array, Array)
#17 C:\xampp\htdocs\Mundocente-master\proy_mundocente\app\Http\Controllers\IndexController.php(17): Illuminate\Database\Eloquent\Model::__callStatic('paginate', Array)
#18 C:\xampp\htdocs\Mundocente-master\proy_mundocente\app\Http\Controllers\IndexController.php(17): MunDocente\Publication::paginate(2)
#19 [internal function]: MunDocente\Http\Controllers\IndexController->index()
#20 C:\xampp\htdocs\Mundocente-master\proy_mundocente\vendor\laravel\framework\src\Illuminate\Routing\Controller.php(80): call_user_func_array(Array, Array)
#21 C:\xampp\htdocs\Mundocente-master\proy_mundocente\vendor\laravel\framework\src\Illuminate\Routing\ControllerDispatcher.php(146): Illuminate\Routing\Controller->callAction('index', Array)
#22 C:\xampp\htdocs\Mundocente-master\proy_mundocente\vendor\laravel\framework\src\Illuminate\Routing\ControllerDispatcher.php(94): Illuminate\Routing\ControllerDispatcher->call(Object(MunDocente\Http\Controllers\IndexController), Object(Illuminate\Routing\Route), 'index')
#23 [internal function]: Illuminate\Routing\ControllerDispatcher->Illuminate\Routing\{closure}(Object(Illuminate\Http\Request))
#24 C:\xampp\htdocs\Mundocente-master\proy_mundocente\vendor\laravel\framework\src\Illuminate\Routing\Pipeline.php(52): call_user_func(Object(Closure), Object(Illuminate\Http\Request))
#25 [internal function]: Illuminate\Routing\Pipeline->Illuminate\Routing\{closure}(Object(Illuminate\Http\Request))
#26 C:\xampp\htdocs\Mundocente-master\proy_mundocente\vendor\laravel\framework\src\Illuminate\Pipeline\Pipeline.php(103): call_user_func(Object(Closure), Object(Illuminate\Http\Request))
#27 C:\xampp\htdocs\Mundocente-master\proy_mundocente\vendor\laravel\framework\src\Illuminate\Routing\ControllerDispatcher.php(96): Illuminate\Pipeline\Pipeline->then(Object(Closure))
#28 C:\xampp\htdocs\Mundocente-master\proy_mundocente\vendor\laravel\framework\src\Illuminate\Routing\ControllerDispatcher.php(54): Illuminate\Routing\ControllerDispatcher->callWithinStack(Object(MunDocente\Http\Controllers\IndexController), Object(Illuminate\Routing\Route), Object(Illuminate\Http\Request), 'index')
#29 C:\xampp\htdocs\Mundocente-master\proy_mundocente\vendor\laravel\framework\src\Illuminate\Routing\Route.php(174): Illuminate\Routing\ControllerDispatcher->dispatch(Object(Illuminate\Routing\Route), Object(Illuminate\Http\Request), 'MunDocente\\Http...', 'index')
#30 C:\xampp\htdocs\Mundocente-master\proy_mundocente\vendor\laravel\framework\src\Illuminate\Routing\Route.php(140): Illuminate\Routing\Route->runController(Object(Illuminate\Http\Request))
#31 C:\xampp\htdocs\Mundocente-master\proy_mundocente\vendor\laravel\framework\src\Illuminate\Routing\Router.php(724): Illuminate\Routing\Route->run(Object(Illuminate\Http\Request))
#32 [internal function]: Illuminate\Routing\Router->Illuminate\Routing\{closure}(Object(Illuminate\Http\Request))
#33 C:\xampp\htdocs\Mundocente-master\proy_mundocente\vendor\laravel\framework\src\Illuminate\Routing\Pipeline.php(52): call_user_func(Object(Closure), Object(Illuminate\Http\Request))
#34 C:\xampp\htdocs\Mundocente-master\proy_mundocente\vendor\laravel\framework\src\Illuminate\Foundation\Http\Middleware\VerifyCsrfToken.php(64): Illuminate\Routing\Pipeline->Illuminate\Routing\{closure}(Object(Illuminate\Http\Request))
#35 [internal function]: Illuminate\Foundation\Http\Middleware\VerifyCsrfToken->handle(Object(Illuminate\Http\Request), Object(Closure))
#36 C:\xampp\htdocs\Mundocente-master\proy_mundocente\vendor\laravel\framework\src\Illuminate\Pipeline\Pipeline.php(136): call_user_func_array(Array, Array)
#37 [internal function]: Illuminate\Pipeline\Pipeline->Illuminate\Pipeline\{closure}(Object(Illuminate\Http\Request))
#38 C:\xampp\htdocs\Mundocente-master\proy_mundocente\vendor\laravel\framework\src\Illuminate\Routing\Pipeline.php(32): call_user_func(Object(Closure), Object(Illuminate\Http\Request))
#39 C:\xampp\htdocs\Mundocente-master\proy_mundocente\vendor\laravel\framework\src\Illuminate\View\Middleware\ShareErrorsFromSession.php(49): Illuminate\Routing\Pipeline->Illuminate\Routing\{closure}(Object(Illuminate\Http\Request))
#40 [internal function]: Illuminate\View\Middleware\ShareErrorsFromSession->handle(Object(Illuminate\Http\Request), Object(Closure))
#41 C:\xampp\htdocs\Mundocente-master\proy_mundocente\vendor\laravel\framework\src\Illuminate\Pipeline\Pipeline.php(136): call_user_func_array(Array, Array)
#42 [internal function]: Illuminate\Pipeline\Pipeline->Illuminate\Pipeline\{closure}(Object(Illuminate\Http\Request))
#43 C:\xampp\htdocs\Mundocente-master\proy_mundocente\vendor\laravel\framework\src\Illuminate\Routing\Pipeline.php(32): call_user_func(Object(Closure), Object(Illuminate\Http\Request))
#44 C:\xampp\htdocs\Mundocente-master\proy_mundocente\vendor\laravel\framework\src\Illuminate\Session\Middleware\StartSession.php(62): Illuminate\Routing\Pipeline->Illuminate\Routing\{closure}(Object(Illuminate\Http\Request))
#45 [internal function]: Illuminate\Session\Middleware\StartSession->handle(Object(Illuminate\Http\Request), Object(Closure))
#46 C:\xampp\htdocs\Mundocente-master\proy_mundocente\vendor\laravel\framework\src\Illuminate\Pipeline\Pipeline.php(136): call_user_func_array(Array, Array)
#47 [internal function]: Illuminate\Pipeline\Pipeline->Illuminate\Pipeline\{closure}(Object(Illuminate\Http\Request))
#48 C:\xampp\htdocs\Mundocente-master\proy_mundocente\vendor\laravel\framework\src\Illuminate\Routing\Pipeline.php(32): call_user_func(Object(Closure), Object(Illuminate\Http\Request))
#49 C:\xampp\htdocs\Mundocente-master\proy_mundocente\vendor\laravel\framework\src\Illuminate\Cookie\Middleware\AddQueuedCookiesToResponse.php(37): Illuminate\Routing\Pipeline->Illuminate\Routing\{closure}(Object(Illuminate\Http\Request))
#50 [internal function]: Illuminate\Cookie\Middleware\AddQueuedCookiesToResponse->handle(Object(Illuminate\Http\Request), Object(Closure))
#51 C:\xampp\htdocs\Mundocente-master\proy_mundocente\vendor\laravel\framework\src\Illuminate\Pipeline\Pipeline.php(136): call_user_func_array(Array, Array)
#52 [internal function]: Illuminate\Pipeline\Pipeline->Illuminate\Pipeline\{closure}(Object(Illuminate\Http\Request))
#53 C:\xampp\htdocs\Mundocente-master\proy_mundocente\vendor\laravel\framework\src\Illuminate\Routing\Pipeline.php(32): call_user_func(Object(Closure), Object(Illuminate\Http\Request))
#54 C:\xampp\htdocs\Mundocente-master\proy_mundocente\vendor\laravel\framework\src\Illuminate\Cookie\Middleware\EncryptCookies.php(59): Illuminate\Routing\Pipeline->Illuminate\Routing\{closure}(Object(Illuminate\Http\Request))
#55 [internal function]: Illuminate\Cookie\Middleware\EncryptCookies->handle(Object(Illuminate\Http\Request), Object(Closure))
#56 C:\xampp\htdocs\Mundocente-master\proy_mundocente\vendor\laravel\framework\src\Illuminate\Pipeline\Pipeline.php(136): call_user_func_array(Array, Array)
#57 [internal function]: Illuminate\Pipeline\Pipeline->Illuminate\Pipeline\{closure}(Object(Illuminate\Http\Request))
#58 C:\xampp\htdocs\Mundocente-master\proy_mundocente\vendor\laravel\framework\src\Illuminate\Routing\Pipeline.php(32): call_user_func(Object(Closure), Object(Illuminate\Http\Request))
#59 [internal function]: Illuminate\Routing\Pipeline->Illuminate\Routing\{closure}(Object(Illuminate\Http\Request))
#60 C:\xampp\htdocs\Mundocente-master\proy_mundocente\vendor\laravel\framework\src\Illuminate\Pipeline\Pipeline.php(103): call_user_func(Object(Closure), Object(Illuminate\Http\Request))
#61 C:\xampp\htdocs\Mundocente-master\proy_mundocente\vendor\laravel\framework\src\Illuminate\Routing\Router.php(726): Illuminate\Pipeline\Pipeline->then(Object(Closure))
#62 C:\xampp\htdocs\Mundocente-master\proy_mundocente\vendor\laravel\framework\src\Illuminate\Routing\Router.php(699): Illuminate\Routing\Router->runRouteWithinStack(Object(Illuminate\Routing\Route), Object(Illuminate\Http\Request))
#63 C:\xampp\htdocs\Mundocente-master\proy_mundocente\vendor\laravel\framework\src\Illuminate\Routing\Router.php(675): Illuminate\Routing\Router->dispatchToRoute(Object(Illuminate\Http\Request))
#64 C:\xampp\htdocs\Mundocente-master\proy_mundocente\vendor\laravel\framework\src\Illuminate\Foundation\Http\Kernel.php(246): Illuminate\Routing\Router->dispatch(Object(Illuminate\Http\Request))
#65 [internal function]: Illuminate\Foundation\Http\Kernel->Illuminate\Foundation\Http\{closure}(Object(Illuminate\Http\Request))
#66 C:\xampp\htdocs\Mundocente-master\proy_mundocente\vendor\laravel\framework\src\Illuminate\Routing\Pipeline.php(52): call_user_func(Object(Closure), Object(Illuminate\Http\Request))
#67 C:\xampp\htdocs\Mundocente-master\proy_mundocente\vendor\laravel\framework\src\Illuminate\Foundation\Http\Middleware\CheckForMaintenanceMode.php(44): Illuminate\Routing\Pipeline->Illuminate\Routing\{closure}(Object(Illuminate\Http\Request))
#68 [internal function]: Illuminate\Foundation\Http\Middleware\CheckForMaintenanceMode->handle(Object(Illuminate\Http\Request), Object(Closure))
#69 C:\xampp\htdocs\Mundocente-master\proy_mundocente\vendor\laravel\framework\src\Illuminate\Pipeline\Pipeline.php(136): call_user_func_array(Array, Array)
#70 [internal function]: Illuminate\Pipeline\Pipeline->Illuminate\Pipeline\{closure}(Object(Illuminate\Http\Request))
#71 C:\xampp\htdocs\Mundocente-master\proy_mundocente\vendor\laravel\framework\src\Illuminate\Routing\Pipeline.php(32): call_user_func(Object(Closure), Object(Illuminate\Http\Request))
#72 [internal function]: Illuminate\Routing\Pipeline->Illuminate\Routing\{closure}(Object(Illuminate\Http\Request))
#73 C:\xampp\htdocs\Mundocente-master\proy_mundocente\vendor\laravel\framework\src\Illuminate\Pipeline\Pipeline.php(103): call_user_func(Object(Closure), Object(Illuminate\Http\Request))
#74 C:\xampp\htdocs\Mundocente-master\proy_mundocente\vendor\laravel\framework\src\Illuminate\Foundation\Http\Kernel.php(132): Illuminate\Pipeline\Pipeline->then(Object(Closure))
#75 C:\xampp\htdocs\Mundocente-master\proy_mundocente\vendor\laravel\framework\src\Illuminate\Foundation\Http\Kernel.php(99): Illuminate\Foundation\Http\Kernel->sendRequestThroughRouter(Object(Illuminate\Http\Request))
#76 C:\xampp\htdocs\Mundocente-master\proy_mundocente\public\index.php(54): Illuminate\Foundation\Http\Kernel->handle(Object(Illuminate\Http\Request))
#77 C:\xampp\htdocs\Mundocente-master\proy_mundocente\server.php(21): require_once('C:\\xampp\\htdocs...')
#78 {main}  
[2016-04-25 22:15:17] local.ERROR: exception 'PDOException' with message 'SQLSTATE[HY000] [1045] Access denied for user 'munDocente'@'localhost' (using password: YES)' in C:\xampp\htdocs\Mundocente-master\proy_mundocente\vendor\laravel\framework\src\Illuminate\Database\Connectors\Connector.php:55
Stack trace:
#0 C:\xampp\htdocs\Mundocente-master\proy_mundocente\vendor\laravel\framework\src\Illuminate\Database\Connectors\Connector.php(55): PDO->__construct('mysql:host=loca...', 'munDocente', 'munDocente', Array)
#1 C:\xampp\htdocs\Mundocente-master\proy_mundocente\vendor\laravel\framework\src\Illuminate\Database\Connectors\MySqlConnector.php(24): Illuminate\Database\Connectors\Connector->createConnection('mysql:host=loca...', Array, Array)
#2 C:\xampp\htdocs\Mundocente-master\proy_mundocente\vendor\laravel\framework\src\Illuminate\Database\Connectors\ConnectionFactory.php(61): Illuminate\Database\Connectors\MySqlConnector->connect(Array)
#3 [internal function]: Illuminate\Database\Connectors\ConnectionFactory->Illuminate\Database\Connectors\{closure}()
#4 C:\xampp\htdocs\Mundocente-master\proy_mundocente\vendor\laravel\framework\src\Illuminate\Database\Connection.php(868): call_user_func(Object(Closure))
#5 C:\xampp\htdocs\Mundocente-master\proy_mundocente\vendor\laravel\framework\src\Illuminate\Database\Connection.php(736): Illuminate\Database\Connection->getPdo()
#6 C:\xampp\htdocs\Mundocente-master\proy_mundocente\vendor\laravel\framework\src\Illuminate\Database\Connection.php(621): Illuminate\Database\Connection->reconnectIfMissingConnection()
#7 C:\xampp\htdocs\Mundocente-master\proy_mundocente\vendor\laravel\framework\src\Illuminate\Database\Connection.php(342): Illuminate\Database\Connection->run('select * from i...', Array, Object(Closure))
#8 C:\xampp\htdocs\Mundocente-master\proy_mundocente\vendor\laravel\framework\src\Illuminate\Database\Schema\MySqlBuilder.php(21): Illuminate\Database\Connection->select('select * from i...', Array)
#9 C:\xampp\htdocs\Mundocente-master\proy_mundocente\vendor\laravel\framework\src\Illuminate\Database\Migrations\DatabaseMigrationRepository.php(141): Illuminate\Database\Schema\MySqlBuilder->hasTable('migrations')
#10 C:\xampp\htdocs\Mundocente-master\proy_mundocente\vendor\laravel\framework\src\Illuminate\Database\Migrations\Migrator.php(405): Illuminate\Database\Migrations\DatabaseMigrationRepository->repositoryExists()
#11 C:\xampp\htdocs\Mundocente-master\proy_mundocente\vendor\laravel\framework\src\Illuminate\Database\Console\Migrations\MigrateCommand.php(103): Illuminate\Database\Migrations\Migrator->repositoryExists()
#12 C:\xampp\htdocs\Mundocente-master\proy_mundocente\vendor\laravel\framework\src\Illuminate\Database\Console\Migrations\MigrateCommand.php(58): Illuminate\Database\Console\Migrations\MigrateCommand->prepareDatabase()
#13 [internal function]: Illuminate\Database\Console\Migrations\MigrateCommand->fire()
#14 C:\xampp\htdocs\Mundocente-master\proy_mundocente\vendor\laravel\framework\src\Illuminate\Container\Container.php(507): call_user_func_array(Array, Array)
#15 C:\xampp\htdocs\Mundocente-master\proy_mundocente\vendor\laravel\framework\src\Illuminate\Console\Command.php(169): Illuminate\Container\Container->call(Array)
#16 C:\xampp\htdocs\Mundocente-master\proy_mundocente\vendor\symfony\console\Command\Command.php(256): Illuminate\Console\Command->execute(Object(Symfony\Component\Console\Input\ArgvInput), Object(Symfony\Component\Console\Output\ConsoleOutput))
#17 C:\xampp\htdocs\Mundocente-master\proy_mundocente\vendor\laravel\framework\src\Illuminate\Console\Command.php(155): Symfony\Component\Console\Command\Command->run(Object(Symfony\Component\Console\Input\ArgvInput), Object(Symfony\Component\Console\Output\ConsoleOutput))
#18 C:\xampp\htdocs\Mundocente-master\proy_mundocente\vendor\symfony\console\Application.php(791): Illuminate\Console\Command->run(Object(Symfony\Component\Console\Input\ArgvInput), Object(Symfony\Component\Console\Output\ConsoleOutput))
#19 C:\xampp\htdocs\Mundocente-master\proy_mundocente\vendor\symfony\console\Application.php(186): Symfony\Component\Console\Application->doRunCommand(Object(Illuminate\Database\Console\Migrations\MigrateCommand), Object(Symfony\Component\Console\Input\ArgvInput), Object(Symfony\Component\Console\Output\ConsoleOutput))
#20 C:\xampp\htdocs\Mundocente-master\proy_mundocente\vendor\symfony\console\Application.php(117): Symfony\Component\Console\Application->doRun(Object(Symfony\Component\Console\Input\ArgvInput), Object(Symfony\Component\Console\Output\ConsoleOutput))
#21 C:\xampp\htdocs\Mundocente-master\proy_mundocente\vendor\laravel\framework\src\Illuminate\Foundation\Console\Kernel.php(107): Symfony\Component\Console\Application->run(Object(Symfony\Component\Console\Input\ArgvInput), Object(Symfony\Component\Console\Output\ConsoleOutput))
#22 C:\xampp\htdocs\Mundocente-master\proy_mundocente\artisan(36): Illuminate\Foundation\Console\Kernel->handle(Object(Symfony\Component\Console\Input\ArgvInput), Object(Symfony\Component\Console\Output\ConsoleOutput))
#23 {main}  
[2016-04-25 22:18:17] local.ERROR: exception 'PDOException' with message 'SQLSTATE[HY000] [1045] Access denied for user 'munDocente'@'localhost' (using password: YES)' in C:\xampp\htdocs\Mundocente-master\proy_mundocente\vendor\laravel\framework\src\Illuminate\Database\Connectors\Connector.php:55
Stack trace:
#0 C:\xampp\htdocs\Mundocente-master\proy_mundocente\vendor\laravel\framework\src\Illuminate\Database\Connectors\Connector.php(55): PDO->__construct('mysql:host=loca...', 'munDocente', 'munDocente', Array)
#1 C:\xampp\htdocs\Mundocente-master\proy_mundocente\vendor\laravel\framework\src\Illuminate\Database\Connectors\MySqlConnector.php(24): Illuminate\Database\Connectors\Connector->createConnection('mysql:host=loca...', Array, Array)
#2 C:\xampp\htdocs\Mundocente-master\proy_mundocente\vendor\laravel\framework\src\Illuminate\Database\Connectors\ConnectionFactory.php(61): Illuminate\Database\Connectors\MySqlConnector->connect(Array)
#3 [internal function]: Illuminate\Database\Connectors\ConnectionFactory->Illuminate\Database\Connectors\{closure}()
#4 C:\xampp\htdocs\Mundocente-master\proy_mundocente\vendor\laravel\framework\src\Illuminate\Database\Connection.php(868): call_user_func(Object(Closure))
#5 C:\xampp\htdocs\Mundocente-master\proy_mundocente\vendor\laravel\framework\src\Illuminate\Database\Connection.php(736): Illuminate\Database\Connection->getPdo()
#6 C:\xampp\htdocs\Mundocente-master\proy_mundocente\vendor\laravel\framework\src\Illuminate\Database\Connection.php(621): Illuminate\Database\Connection->reconnectIfMissingConnection()
#7 C:\xampp\htdocs\Mundocente-master\proy_mundocente\vendor\laravel\framework\src\Illuminate\Database\Connection.php(342): Illuminate\Database\Connection->run('select * from i...', Array, Object(Closure))
#8 C:\xampp\htdocs\Mundocente-master\proy_mundocente\vendor\laravel\framework\src\Illuminate\Database\Schema\MySqlBuilder.php(21): Illuminate\Database\Connection->select('select * from i...', Array)
#9 C:\xampp\htdocs\Mundocente-master\proy_mundocente\vendor\laravel\framework\src\Illuminate\Database\Migrations\DatabaseMigrationRepository.php(141): Illuminate\Database\Schema\MySqlBuilder->hasTable('migrations')
#10 C:\xampp\htdocs\Mundocente-master\proy_mundocente\vendor\laravel\framework\src\Illuminate\Database\Migrations\Migrator.php(405): Illuminate\Database\Migrations\DatabaseMigrationRepository->repositoryExists()
#11 C:\xampp\htdocs\Mundocente-master\proy_mundocente\vendor\laravel\framework\src\Illuminate\Database\Console\Migrations\MigrateCommand.php(103): Illuminate\Database\Migrations\Migrator->repositoryExists()
#12 C:\xampp\htdocs\Mundocente-master\proy_mundocente\vendor\laravel\framework\src\Illuminate\Database\Console\Migrations\MigrateCommand.php(58): Illuminate\Database\Console\Migrations\MigrateCommand->prepareDatabase()
#13 [internal function]: Illuminate\Database\Console\Migrations\MigrateCommand->fire()
#14 C:\xampp\htdocs\Mundocente-master\proy_mundocente\vendor\laravel\framework\src\Illuminate\Container\Container.php(507): call_user_func_array(Array, Array)
#15 C:\xampp\htdocs\Mundocente-master\proy_mundocente\vendor\laravel\framework\src\Illuminate\Console\Command.php(169): Illuminate\Container\Container->call(Array)
#16 C:\xampp\htdocs\Mundocente-master\proy_mundocente\vendor\symfony\console\Command\Command.php(256): Illuminate\Console\Command->execute(Object(Symfony\Component\Console\Input\ArgvInput), Object(Symfony\Component\Console\Output\ConsoleOutput))
#17 C:\xampp\htdocs\Mundocente-master\proy_mundocente\vendor\laravel\framework\src\Illuminate\Console\Command.php(155): Symfony\Component\Console\Command\Command->run(Object(Symfony\Component\Console\Input\ArgvInput), Object(Symfony\Component\Console\Output\ConsoleOutput))
#18 C:\xampp\htdocs\Mundocente-master\proy_mundocente\vendor\symfony\console\Application.php(791): Illuminate\Console\Command->run(Object(Symfony\Component\Console\Input\ArgvInput), Object(Symfony\Component\Console\Output\ConsoleOutput))
#19 C:\xampp\htdocs\Mundocente-master\proy_mundocente\vendor\symfony\console\Application.php(186): Symfony\Component\Console\Application->doRunCommand(Object(Illuminate\Database\Console\Migrations\MigrateCommand), Object(Symfony\Component\Console\Input\ArgvInput), Object(Symfony\Component\Console\Output\ConsoleOutput))
#20 C:\xampp\htdocs\Mundocente-master\proy_mundocente\vendor\symfony\console\Application.php(117): Symfony\Component\Console\Application->doRun(Object(Symfony\Component\Console\Input\ArgvInput), Object(Symfony\Component\Console\Output\ConsoleOutput))
#21 C:\xampp\htdocs\Mundocente-master\proy_mundocente\vendor\laravel\framework\src\Illuminate\Foundation\Console\Kernel.php(107): Symfony\Component\Console\Application->run(Object(Symfony\Component\Console\Input\ArgvInput), Object(Symfony\Component\Console\Output\ConsoleOutput))
#22 C:\xampp\htdocs\Mundocente-master\proy_mundocente\artisan(36): Illuminate\Foundation\Console\Kernel->handle(Object(Symfony\Component\Console\Input\ArgvInput), Object(Symfony\Component\Console\Output\ConsoleOutput))
#23 {main}  
